<?xml version="1.0" encoding="UTF-8"?>
<!-- Generated by org.testng.reporters.JUnitReportReporter -->
<testsuite skipped="0" hostname="LAPTOP-JF89UMLV" name="testcases.AboutTest" tests="1" failures="0" timestamp="16 Jun 2020 08:50:08 GMT" time="19.085" errors="0">
  <testcase name="Verify_About_Page_Disclaimer_Context" time="19.085" classname="testcases.AboutTest"/>
</testsuite> <!-- testcases.AboutTest -->
