<?xml version="1.0" encoding="UTF-8"?>
<!-- Generated by org.testng.reporters.JUnitReportReporter -->
<testsuite skipped="0" hostname="LAPTOP-JF89UMLV" name="testcases.LoginPageTest" tests="6" failures="0" timestamp="16 Jun 2020 08:50:08 GMT" time="61.447" errors="0">
  <testcase name="Verify_Login_Page_Title_Test" time="9.872" classname="testcases.LoginPageTest"/>
  <testcase name="Login_Functionality_For_Invalid_Password" time="11.506" classname="testcases.LoginPageTest"/>
  <testcase name="Login_Functionality_For_Invalid_Username" time="8.003" classname="testcases.LoginPageTest"/>
  <testcase name="Login_Functionality_For_Invalid_Username_And_Password" time="7.916" classname="testcases.LoginPageTest"/>
  <testcase name="Login_To_Sales_Suite_Test" time="11.758" classname="testcases.LoginPageTest"/>
  <testcase name="verify_alert_Text_Test" time="12.392" classname="testcases.LoginPageTest"/>
</testsuite> <!-- testcases.LoginPageTest -->
