<?xml version="1.0" encoding="UTF-8"?>
<!-- Generated by org.testng.reporters.JUnitReportReporter -->
<testsuite skipped="0" hostname="LAPTOP-JF89UMLV" name="testcases.DashBoardTest" tests="1" failures="0" timestamp="21 Jun 2020 18:28:03 GMT" time="68.751" errors="0">
  <testcase name="Units_By_Distributor_Verify_Units_Test" time="68.751" classname="testcases.DashBoardTest"/>
</testsuite> <!-- testcases.DashBoardTest -->
