<?xml version="1.0" encoding="UTF-8"?>
<!-- Generated by org.testng.reporters.JUnitReportReporter -->
<testsuite skipped="0" hostname="LAPTOP-JF89UMLV" name="testcases.ConfigurationTest" tests="2" failures="0" timestamp="16 Jun 2020 08:50:08 GMT" time="36.401" errors="0">
  <testcase name="Verify_Configuration_Table_Test" time="14.658" classname="testcases.ConfigurationTest"/>
  <testcase name="Export_Configuration_Test" time="21.743" classname="testcases.ConfigurationTest"/>
</testsuite> <!-- testcases.ConfigurationTest -->
